<?xml version="1.0" encoding="UTF-8"?>
<!-- Generated by org.testng.reporters.JUnitReportReporter -->
<testsuite hostname="DESKTOP-HMKMG6M" failures="0" tests="13" name="runner.MyRunnerTest" time="263.674" errors="0" timestamp="2024-02-26T21:14:34 IST" skipped="0">
  <testcase classname="runner.MyRunnerTest" name="runScenario" time="63.532"/>
  <system-out/>
  <testcase classname="runner.MyRunnerTest" name="runScenario" time="20.739"/>
  <system-out/>
  <testcase classname="runner.MyRunnerTest" name="runScenario" time="13.441"/>
  <system-out/>
  <testcase classname="runner.MyRunnerTest" name="runScenario" time="15.204"/>
  <system-out/>
  <testcase classname="runner.MyRunnerTest" name="runScenario" time="24.630"/>
  <system-out/>
  <testcase classname="runner.MyRunnerTest" name="runScenario" time="23.208"/>
  <system-out/>
  <testcase classname="runner.MyRunnerTest" name="runScenario" time="15.141"/>
  <system-out/>
  <testcase classname="runner.MyRunnerTest" name="runScenario" time="12.392"/>
  <system-out/>
  <testcase classname="runner.MyRunnerTest" name="runScenario" time="11.405"/>
  <system-out/>
  <testcase classname="runner.MyRunnerTest" name="runScenario" time="14.603"/>
  <system-out/>
  <testcase classname="runner.MyRunnerTest" name="runScenario" time="17.199"/>
  <system-out/>
  <testcase classname="runner.MyRunnerTest" name="runScenario" time="18.380"/>
  <system-out/>
  <testcase classname="runner.MyRunnerTest" name="runScenario" time="13.800"/>
  <system-out/>
</testsuite> <!-- runner.MyRunnerTest -->
