<?xml version="1.0" encoding="UTF-8"?>
<!-- Generated by org.testng.reporters.JUnitReportReporter -->
<testsuite hostname="DESKTOP-HMKMG6M" failures="0" tests="13" name="runner.TestRunner" time="239.363" errors="0" timestamp="2024-03-01T10:38:08 IST" skipped="0">
  <testcase classname="runner.TestRunner" name="runScenario" time="11.124"/>
  <system-out/>
  <testcase classname="runner.TestRunner" name="runScenario" time="15.958"/>
  <system-out/>
  <testcase classname="runner.TestRunner" name="runScenario" time="12.958"/>
  <system-out/>
  <testcase classname="runner.TestRunner" name="runScenario" time="17.700"/>
  <system-out/>
  <testcase classname="runner.TestRunner" name="runScenario" time="14.282"/>
  <system-out/>
  <testcase classname="runner.TestRunner" name="runScenario" time="19.282"/>
  <system-out/>
  <testcase classname="runner.TestRunner" name="runScenario" time="14.122"/>
  <system-out/>
  <testcase classname="runner.TestRunner" name="runScenario" time="15.018"/>
  <system-out/>
  <testcase classname="runner.TestRunner" name="runScenario" time="53.704"/>
  <system-out/>
  <testcase classname="runner.TestRunner" name="runScenario" time="15.118"/>
  <system-out/>
  <testcase classname="runner.TestRunner" name="runScenario" time="15.822"/>
  <system-out/>
  <testcase classname="runner.TestRunner" name="runScenario" time="13.010"/>
  <system-out/>
  <testcase classname="runner.TestRunner" name="runScenario" time="21.265"/>
  <system-out/>
</testsuite> <!-- runner.TestRunner -->
