<?xml version="1.0" encoding="UTF-8"?>
<!-- Generated by org.testng.reporters.JUnitReportReporter -->
<testsuite hostname="DESKTOP-HMKMG6M" failures="0" tests="13" name="runner.MyRunner" time="222.622" errors="0" timestamp="2024-02-26T19:55:14 IST" skipped="0">
  <testcase classname="runner.MyRunner" name="runScenario" time="13.396"/>
  <system-out/>
  <testcase classname="runner.MyRunner" name="runScenario" time="14.457"/>
  <system-out/>
  <testcase classname="runner.MyRunner" name="runScenario" time="42.813"/>
  <system-out/>
  <testcase classname="runner.MyRunner" name="runScenario" time="13.425"/>
  <system-out/>
  <testcase classname="runner.MyRunner" name="runScenario" time="11.564"/>
  <system-out/>
  <testcase classname="runner.MyRunner" name="runScenario" time="16.187"/>
  <system-out/>
  <testcase classname="runner.MyRunner" name="runScenario" time="14.172"/>
  <system-out/>
  <testcase classname="runner.MyRunner" name="runScenario" time="10.752"/>
  <system-out/>
  <testcase classname="runner.MyRunner" name="runScenario" time="13.698"/>
  <system-out/>
  <testcase classname="runner.MyRunner" name="runScenario" time="12.093"/>
  <system-out/>
  <testcase classname="runner.MyRunner" name="runScenario" time="19.663"/>
  <system-out/>
  <testcase classname="runner.MyRunner" name="runScenario" time="23.339"/>
  <system-out/>
  <testcase classname="runner.MyRunner" name="runScenario" time="17.063"/>
  <system-out/>
</testsuite> <!-- runner.MyRunner -->
